[0m15:32:17.832546 [debug] [MainThread]: Sending event: {'category': 'dbt', 'action': 'invocation', 'label': 'start', 'context': [<snowplow_tracker.self_describing_json.SelfDescribingJson object at 0x0000013FFF358CB0>, <snowplow_tracker.self_describing_json.SelfDescribingJson object at 0x0000013FFD124D40>, <snowplow_tracker.self_describing_json.SelfDescribingJson object at 0x0000013FFF0EDEB0>]}


============================== 15:32:17.837561 | a027fce9-9967-47b3-b0c4-6a7db6b8b3bc ==============================
[0m15:32:17.837561 [info ] [MainThread]: Running with dbt=1.9.6
[0m15:32:17.838561 [debug] [MainThread]: running dbt with arguments {'printer_width': '80', 'indirect_selection': 'eager', 'log_cache_events': 'False', 'write_json': 'True', 'partial_parse': 'True', 'cache_selected_only': 'False', 'warn_error': 'None', 'version_check': 'True', 'debug': 'False', 'log_path': 'logs', 'profiles_dir': 'C:\\Users\\cm_be\\.dbt', 'fail_fast': 'False', 'use_colors': 'True', 'use_experimental_parser': 'False', 'empty': 'None', 'quiet': 'False', 'no_print': 'None', 'warn_error_options': 'WarnErrorOptions(include=[], exclude=[])', 'introspect': 'True', 'invocation_command': 'dbt init dbtlearn', 'log_format': 'default', 'target_path': 'None', 'static_parser': 'True', 'send_anonymous_usage_stats': 'True'}
[0m15:32:17.857453 [debug] [MainThread]: Starter project path: C:\Users\cm_be\anaconda3\envs\dagster-dbt\Lib\site-packages\dbt\include\starter_project
[0m15:32:17.866726 [info ] [MainThread]: 
Your new dbt project "dbtlearn" was created!

For more information on how to configure the profiles.yml file,
please consult the dbt documentation here:

  https://docs.getdbt.com/docs/configure-your-profile

One more thing:

Need help? Don't hesitate to reach out to us via GitHub issues or on Slack:

  https://community.getdbt.com/

Happy modeling!

[0m15:32:17.866726 [info ] [MainThread]: Setting up your profile.
[0m15:34:07.935376 [info ] [MainThread]: Profile dbtlearn written to C:\Users\cm_be\.dbt\profiles.yml using target's profile_template.yml and your supplied values. Run 'dbt debug' to validate the connection.
[0m15:34:07.938375 [debug] [MainThread]: Command `dbt init` succeeded at 15:34:07.937377 after 110.24 seconds
[0m15:34:07.939636 [debug] [MainThread]: Sending event: {'category': 'dbt', 'action': 'invocation', 'label': 'end', 'context': [<snowplow_tracker.self_describing_json.SelfDescribingJson object at 0x0000013FFF1CE120>, <snowplow_tracker.self_describing_json.SelfDescribingJson object at 0x0000013FFF358CB0>, <snowplow_tracker.self_describing_json.SelfDescribingJson object at 0x0000013FFD124D40>]}
[0m15:34:07.940767 [debug] [MainThread]: Flushing usage events
[0m15:34:08.682083 [debug] [MainThread]: An error was encountered while trying to flush usage events
[0m15:34:18.839805 [debug] [MainThread]: Sending event: {'category': 'dbt', 'action': 'invocation', 'label': 'start', 'context': [<snowplow_tracker.self_describing_json.SelfDescribingJson object at 0x000002774B248C80>, <snowplow_tracker.self_describing_json.SelfDescribingJson object at 0x000002774D6DD1F0>, <snowplow_tracker.self_describing_json.SelfDescribingJson object at 0x000002774D6DCEF0>]}


============================== 15:34:18.851263 | 87209736-c50c-47b6-97a1-89cf85db23ea ==============================
[0m15:34:18.851263 [info ] [MainThread]: Running with dbt=1.9.6
[0m15:34:18.853259 [debug] [MainThread]: running dbt with arguments {'printer_width': '80', 'indirect_selection': 'eager', 'log_cache_events': 'False', 'write_json': 'True', 'partial_parse': 'True', 'cache_selected_only': 'False', 'warn_error': 'None', 'version_check': 'True', 'fail_fast': 'False', 'log_path': 'logs', 'debug': 'False', 'profiles_dir': 'C:\\Users\\cm_be\\.dbt', 'use_colors': 'True', 'use_experimental_parser': 'False', 'empty': 'None', 'quiet': 'False', 'no_print': 'None', 'warn_error_options': 'WarnErrorOptions(include=[], exclude=[])', 'introspect': 'True', 'static_parser': 'True', 'invocation_command': 'dbt debug', 'target_path': 'None', 'log_format': 'default', 'send_anonymous_usage_stats': 'True'}
[0m15:34:18.877201 [info ] [MainThread]: dbt version: 1.9.6
[0m15:34:18.878205 [info ] [MainThread]: python version: 3.12.9
[0m15:34:18.878712 [info ] [MainThread]: python path: C:\Users\cm_be\anaconda3\envs\dagster-dbt\python.exe
[0m15:34:18.879216 [info ] [MainThread]: os info: Windows-11-10.0.26100-SP0
[0m15:34:18.929359 [info ] [MainThread]: Using profiles dir at C:\Users\cm_be\.dbt
[0m15:34:18.930490 [info ] [MainThread]: Using profiles.yml file at C:\Users\cm_be\.dbt\profiles.yml
[0m15:34:18.930490 [info ] [MainThread]: Using dbt_project.yml file at C:\Users\cm_be\Downloads\dbt_dagster_pipeline\dbt_project.yml
[0m15:34:18.932792 [info ] [MainThread]: adapter type: postgres
[0m15:34:18.932792 [info ] [MainThread]: adapter version: 1.9.0
[0m15:34:18.933946 [info ] [MainThread]: Configuration:
[0m15:34:18.933946 [info ] [MainThread]:   profiles.yml file [[32mOK found and valid[0m]
[0m15:34:18.935255 [info ] [MainThread]:   dbt_project.yml file [[31mERROR not found[0m]
[0m15:34:18.935255 [info ] [MainThread]: Required dependencies:
[0m15:34:18.936572 [debug] [MainThread]: Executing "git --help"
[0m15:34:18.979580 [debug] [MainThread]: STDOUT: "b"usage: git [-v | --version] [-h | --help] [-C <path>] [-c <name>=<value>]\n           [--exec-path[=<path>]] [--html-path] [--man-path] [--info-path]\n           [-p | --paginate | -P | --no-pager] [--no-replace-objects] [--no-lazy-fetch]\n           [--no-optional-locks] [--no-advice] [--bare] [--git-dir=<path>]\n           [--work-tree=<path>] [--namespace=<name>] [--config-env=<name>=<envvar>]\n           <command> [<args>]\n\nThese are common Git commands used in various situations:\n\nstart a working area (see also: git help tutorial)\n   clone     Clone a repository into a new directory\n   init      Create an empty Git repository or reinitialize an existing one\n\nwork on the current change (see also: git help everyday)\n   add       Add file contents to the index\n   mv        Move or rename a file, a directory, or a symlink\n   restore   Restore working tree files\n   rm        Remove files from the working tree and from the index\n\nexamine the history and state (see also: git help revisions)\n   bisect    Use binary search to find the commit that introduced a bug\n   diff      Show changes between commits, commit and working tree, etc\n   grep      Print lines matching a pattern\n   log       Show commit logs\n   show      Show various types of objects\n   status    Show the working tree status\n\ngrow, mark and tweak your common history\n   branch    List, create, or delete branches\n   commit    Record changes to the repository\n   merge     Join two or more development histories together\n   rebase    Reapply commits on top of another base tip\n   reset     Reset current HEAD to the specified state\n   switch    Switch branches\n   tag       Create, list, delete or verify a tag object signed with GPG\n\ncollaborate (see also: git help workflows)\n   fetch     Download objects and refs from another repository\n   pull      Fetch from and integrate with another repository or a local branch\n   push      Update remote refs along with associated objects\n\n'git help -a' and 'git help -g' list available subcommands and some\nconcept guides. See 'git help <command>' or 'git help <concept>'\nto read about a specific subcommand or concept.\nSee 'git help git' for an overview of the system.\n""
[0m15:34:18.979580 [debug] [MainThread]: STDERR: "b''"
[0m15:34:18.980581 [info ] [MainThread]:  - git [[32mOK found[0m]

[0m15:34:18.980581 [info ] [MainThread]: Connection:
[0m15:34:18.980581 [info ] [MainThread]:   host: localhost
[0m15:34:18.981943 [info ] [MainThread]:   port: 5432
[0m15:34:18.981943 [info ] [MainThread]:   user: myuser
[0m15:34:18.982955 [info ] [MainThread]:   database: mydatabase
[0m15:34:18.983513 [info ] [MainThread]:   schema: dbt
[0m15:34:18.983993 [info ] [MainThread]:   connect_timeout: 10
[0m15:34:18.983993 [info ] [MainThread]:   role: None
[0m15:34:18.985002 [info ] [MainThread]:   search_path: None
[0m15:34:18.985002 [info ] [MainThread]:   keepalives_idle: 0
[0m15:34:18.986001 [info ] [MainThread]:   sslmode: None
[0m15:34:18.986405 [info ] [MainThread]:   sslcert: None
[0m15:34:18.986405 [info ] [MainThread]:   sslkey: None
[0m15:34:18.986405 [info ] [MainThread]:   sslrootcert: None
[0m15:34:18.987430 [info ] [MainThread]:   application_name: dbt
[0m15:34:18.987430 [info ] [MainThread]:   retries: 1
[0m15:34:18.988172 [info ] [MainThread]: Registered adapter: postgres=1.9.0
[0m15:34:19.115888 [debug] [MainThread]: Acquiring new postgres connection 'debug'
[0m15:34:19.225788 [debug] [MainThread]: Using postgres connection "debug"
[0m15:34:19.226788 [debug] [MainThread]: On debug: select 1 as id
[0m15:34:19.226788 [debug] [MainThread]: Opening a new connection, currently in state init
[0m15:34:19.256772 [debug] [MainThread]: SQL status: SELECT 1 in 0.030 seconds
[0m15:34:19.257776 [debug] [MainThread]: On debug: Close
[0m15:34:19.258773 [info ] [MainThread]:   Connection test: [[32mOK connection ok[0m]

[0m15:34:19.259773 [info ] [MainThread]: [31m1 check failed:[0m
[0m15:34:19.260774 [info ] [MainThread]: Project loading failed for the following reason:
 project path <C:\Users\cm_be\Downloads\dbt_dagster_pipeline\dbt_project.yml> not found

[0m15:34:19.261775 [debug] [MainThread]: Command `dbt debug` failed at 15:34:19.261775 after 0.59 seconds
[0m15:34:19.261775 [debug] [MainThread]: Connection 'debug' was properly closed.
[0m15:34:19.262773 [debug] [MainThread]: Sending event: {'category': 'dbt', 'action': 'invocation', 'label': 'end', 'context': [<snowplow_tracker.self_describing_json.SelfDescribingJson object at 0x000002774CC8CA40>, <snowplow_tracker.self_describing_json.SelfDescribingJson object at 0x000002774D1C9D00>, <snowplow_tracker.self_describing_json.SelfDescribingJson object at 0x000002774D1C97C0>]}
[0m15:34:19.262773 [debug] [MainThread]: Flushing usage events
[0m15:34:19.852087 [debug] [MainThread]: An error was encountered while trying to flush usage events
